<?xml version="1.0" encoding="UTF-8"?>
<testsuite name="com.pichincha.infrastructure.input.adapter.dto.CuentaDTOTest" tests="3" skipped="0" failures="0" errors="0" timestamp="2025-09-10T21:05:07" hostname="MacBook-Air-de-Jessica.local" time="0.283">
  <properties/>
  <testcase name="deberiaFallarValidacionCuandoSaldoInicialEsNegativo()" classname="com.pichincha.infrastructure.input.adapter.dto.CuentaDTOTest" time="0.265"/>
  <testcase name="deberiaTenerValidacionExitosaCuandoTodosLosCamposSonValidos()" classname="com.pichincha.infrastructure.input.adapter.dto.CuentaDTOTest" time="0.008"/>
  <testcase name="deberiaFallarValidacionCuandoNumeroCuentaEsInvalido()" classname="com.pichincha.infrastructure.input.adapter.dto.CuentaDTOTest" time="0.007"/>
  <system-out><![CDATA[16:05:07.865 [Test worker] INFO org.hibernate.validator.internal.util.Version -- HV000001: Hibernate Validator 8.0.1.Final
]]></system-out>
  <system-err><![CDATA[]]></system-err>
</testsuite>
